
ROM used:   426/8192 (5%)
            426/8192 (5%) including unused fragments

            0.5 Average locations per line
            5.4 Average locations per statement

RAM used:   15/368 (4%) at main() level
            17/368 (5%) worst case

Stack used: 1 worst case (0 in main + 1 for interrupts)
Stack size: 8

Lines Stmts  %   Files
----- ----- ---  -----
  129    79 100  P1.c
  694     0   0  E:\CCS PIC\Devices\16f877a.h
----- -----
  823    79 Total

Page ROM  %  RAM    Vol Diff  Functions:
---- --- --- ---    --- ----  ----------
0     22   5    1             @delay_ms1
0     36   8    1    132  2.6  RB0
0    156  37    1    852  4.4  RB4_7
0    158  37    1    860  3.9  MAIN
 Inline         0             @cinit1

Program metrics:
    Functions               3
    Statements              79
    Comments                144
    Volume (V)              2272
    Difficulty (D)          10.9
    Effort to implement (E) 24661
    Time to implement (T)   23 minutes
    Est Delivered Bugs (B)  0
    Cyclomatic Complexity   8
    Maintainability (MI)    35

 Segment     Used  Free
-----------  ----  ----
00000-00003     4  0  
00004-00035    50  0  
00036-007FF   372  1622  
00800-00FFF     0  2048  
01000-017FF     0  2048  
01800-01FFF     0  2048  



